
> Api@0.0.1 build
> nest build

[96msrc/app.controller.ts[0m:[93m2[0m:[93m28[0m - [91merror[0m[90m TS2307: [0mCannot find module './app.service' or its corresponding type declarations.

[7m2[0m import { AppService } from './app.service';
[7m [0m [91m                           ~~~~~~~~~~~~~~~[0m
[96msrc/app.module.ts[0m:[93m5[0m:[93m31[0m - [91merror[0m[90m TS2307: [0mCannot find module './app.controller' or its corresponding type declarations.

[7m5[0m import { AppController } from './app.controller';
[7m [0m [91m                              ~~~~~~~~~~~~~~~~~~[0m
[96msrc/app.module.ts[0m:[93m6[0m:[93m28[0m - [91merror[0m[90m TS2307: [0mCannot find module './app.service' or its corresponding type declarations.

[7m6[0m import { AppService } from './app.service';
[7m [0m [91m                           ~~~~~~~~~~~~~~~[0m
[96msrc/app.module.ts[0m:[93m7[0m:[93m29[0m - [91merror[0m[90m TS2307: [0mCannot find module './tours/tours.module' or its corresponding type declarations.

[7m7[0m import { ToursModule } from './tours/tours.module';
[7m [0m [91m                            ~~~~~~~~~~~~~~~~~~~~~~[0m
[96msrc/app.module.ts[0m:[93m8[0m:[93m29[0m - [91merror[0m[90m TS2307: [0mCannot find module './sedes/sedes.module' or its corresponding type declarations.

[7m8[0m import { SedesModule } from './sedes/sedes.module';
[7m [0m [91m                            ~~~~~~~~~~~~~~~~~~~~~~[0m
[96msrc/app.module.ts[0m:[93m9[0m:[93m32[0m - [91merror[0m[90m TS2307: [0mCannot find module './database/database.module' or its corresponding type declarations.

[7m9[0m import { DatabaseModule } from './database/database.module';
[7m [0m [91m                               ~~~~~~~~~~~~~~~~~~~~~~~~~~~~[0m
[96msrc/app.module.ts[0m:[93m10[0m:[93m33[0m - [91merror[0m[90m TS2307: [0mCannot find module './catalogos/catalogos.module' or its corresponding type declarations.

[7m10[0m import { CatalogosModule } from './catalogos/catalogos.module';
[7m  [0m [91m                                ~~~~~~~~~~~~~~~~~~~~~~~~~~~~~~[0m
[96msrc/app.module.ts[0m:[93m11[0m:[93m35[0m - [91merror[0m[90m TS2307: [0mCannot find module './metodos-pago/metodos-pago.module' or its corresponding type declarations.

[7m11[0m import { MetodosPagoModule } from './metodos-pago/metodos-pago.module';
[7m  [0m [91m                                  ~~~~~~~~~~~~~~~~~~~~~~~~~~~~~~~~~~~~[0m
[96msrc/app.module.ts[0m:[93m12[0m:[93m28[0m - [91merror[0m[90m TS2307: [0mCannot find module './faqs/faqs.module' or its corresponding type declarations.

[7m12[0m import { FaqsModule } from './faqs/faqs.module';
[7m  [0m [91m                           ~~~~~~~~~~~~~~~~~~~~[0m
[96msrc/app.module.ts[0m:[93m13[0m:[93m33[0m - [91merror[0m[90m TS2307: [0mCannot find module './servicios/servicios.module' or its corresponding type declarations.

[7m13[0m import { ServiciosModule } from './servicios/servicios.module';
[7m  [0m [91m                                ~~~~~~~~~~~~~~~~~~~~~~~~~~~~~~[0m
[96msrc/app.module.ts[0m:[93m14[0m:[93m40[0m - [91merror[0m[90m TS2307: [0mCannot find module './politicas-reserva/politicas-reserva.module' or its corresponding type declarations.

[7m14[0m import { PoliticasReservaModule } from './politicas-reserva/politicas-reserva.module';
[7m  [0m [91m                                       ~~~~~~~~~~~~~~~~~~~~~~~~~~~~~~~~~~~~~~~~~~~~~~[0m
[96msrc/app.module.ts[0m:[93m15[0m:[93m35[0m - [91merror[0m[90m TS2307: [0mCannot find module './info-empresa/info-empresa.module' or its corresponding type declarations.

[7m15[0m import { InfoEmpresaModule } from './info-empresa/info-empresa.module';
[7m  [0m [91m                                  ~~~~~~~~~~~~~~~~~~~~~~~~~~~~~~~~~~~~[0m
[96msrc/app.module.ts[0m:[93m16[0m:[93m39[0m - [91merror[0m[90m TS2307: [0mCannot find module './pagos-realizados/pagos-realizados.module' or its corresponding type declarations.

[7m16[0m import { PagosRealizadosModule } from './pagos-realizados/pagos-realizados.module';
[7m  [0m [91m                                      ~~~~~~~~~~~~~~~~~~~~~~~~~~~~~~~~~~~~~~~~~~~~[0m
[96msrc/app.module.ts[0m:[93m17[0m:[93m32[0m - [91merror[0m[90m TS2307: [0mCannot find module './whatsapp/whatsapp.module' or its corresponding type declarations.

[7m17[0m import { WhatsAppModule } from './whatsapp/whatsapp.module';
[7m  [0m [91m                               ~~~~~~~~~~~~~~~~~~~~~~~~~~~~[0m
[96msrc/app.module.ts[0m:[93m18[0m:[93m28[0m - [91merror[0m[90m TS2307: [0mCannot find module './auth/auth.module' or its corresponding type declarations.

[7m18[0m import { AuthModule } from './auth/auth.module';
[7m  [0m [91m                           ~~~~~~~~~~~~~~~~~~~~[0m
[96msrc/app.module.ts[0m:[93m19[0m:[93m32[0m - [91merror[0m[90m TS2307: [0mCannot find module './usuarios/usuarios.module' or its corresponding type declarations.

[7m19[0m import { UsuariosModule } from './usuarios/usuarios.module';
[7m  [0m [91m                               ~~~~~~~~~~~~~~~~~~~~~~~~~~~~[0m
[96msrc/app.module.ts[0m:[93m20[0m:[93m30[0m - [91merror[0m[90m TS2307: [0mCannot find module './auth/guards/jwt-auth.guard' or its corresponding type declarations.

[7m20[0m import { JwtAuthGuard } from './auth/guards/jwt-auth.guard';
[7m  [0m [91m                             ~~~~~~~~~~~~~~~~~~~~~~~~~~~~~~[0m
[96msrc/app.module.ts[0m:[93m21[0m:[93m28[0m - [91merror[0m[90m TS2307: [0mCannot find module './auth/guards/roles.guard' or its corresponding type declarations.

[7m21[0m import { RolesGuard } from './auth/guards/roles.guard';
[7m  [0m [91m                           ~~~~~~~~~~~~~~~~~~~~~~~~~~~[0m
[96msrc/app.module.ts[0m:[93m22[0m:[93m36[0m - [91merror[0m[90m TS2307: [0mCannot find module './cotizaciones/cotizaciones.module' or its corresponding type declarations.

[7m22[0m import { CotizacionesModule } from './cotizaciones/cotizaciones.module';
[7m  [0m [91m                                   ~~~~~~~~~~~~~~~~~~~~~~~~~~~~~~~~~~~~[0m
[96msrc/app.module.ts[0m:[93m23[0m:[93m32[0m - [91merror[0m[90m TS2307: [0mCannot find module './reservas/reservas.module' or its corresponding type declarations.

[7m23[0m import { ReservasModule } from './reservas/reservas.module';
[7m  [0m [91m                               ~~~~~~~~~~~~~~~~~~~~~~~~~~~~[0m
[96msrc/auth/auth.controller.ts[0m:[93m9[0m:[93m29[0m - [91merror[0m[90m TS2307: [0mCannot find module './auth.service' or its corresponding type declarations.

[7m9[0m import { AuthService } from './auth.service';
[7m [0m [91m                            ~~~~~~~~~~~~~~~~[0m
[96msrc/auth/auth.controller.ts[0m:[93m10[0m:[93m26[0m - [91merror[0m[90m TS2307: [0mCannot find module './dto/login.dto' or its corresponding type declarations.

[7m10[0m import { LoginDto } from './dto/login.dto';
[7m  [0m [91m                         ~~~~~~~~~~~~~~~~~[0m
[96msrc/auth/auth.controller.ts[0m:[93m11[0m:[93m33[0m - [91merror[0m[90m TS2307: [0mCannot find module './dto/refresh-token.dto' or its corresponding type declarations.

[7m11[0m import { RefreshTokenDto } from './dto/refresh-token.dto';
[7m  [0m [91m                                ~~~~~~~~~~~~~~~~~~~~~~~~~[0m
[96msrc/auth/auth.controller.ts[0m:[93m12[0m:[93m33[0m - [91merror[0m[90m TS2307: [0mCannot find module './dto/register-user.dto' or its corresponding type declarations.

[7m12[0m import { RegisterUserDto } from './dto/register-user.dto';
[7m  [0m [91m                                ~~~~~~~~~~~~~~~~~~~~~~~~~[0m
[96msrc/auth/auth.controller.ts[0m:[93m13[0m:[93m24[0m - [91merror[0m[90m TS2307: [0mCannot find module './decorators/public.decorator' or its corresponding type declarations.

[7m13[0m import { Public } from './decorators/public.decorator';
[7m  [0m [91m                       ~~~~~~~~~~~~~~~~~~~~~~~~~~~~~~~[0m
[96msrc/auth/auth.controller.ts[0m:[93m15[0m:[93m33[0m - [91merror[0m[90m TS2307: [0mCannot find module '../usuarios/usuarios.service' or its corresponding type declarations.

[7m15[0m import { UsuariosService } from '../usuarios/usuarios.service';
[7m  [0m [91m                                ~~~~~~~~~~~~~~~~~~~~~~~~~~~~~~[0m
[96msrc/auth/auth.module.ts[0m:[93m5[0m:[93m29[0m - [91merror[0m[90m TS2307: [0mCannot find module './auth.service' or its corresponding type declarations.

[7m5[0m import { AuthService } from './auth.service';
[7m [0m [91m                            ~~~~~~~~~~~~~~~~[0m
[96msrc/auth/auth.module.ts[0m:[93m6[0m:[93m32[0m - [91merror[0m[90m TS2307: [0mCannot find module './auth.controller' or its corresponding type declarations.

[7m6[0m import { AuthController } from './auth.controller';
[7m [0m [91m                               ~~~~~~~~~~~~~~~~~~~[0m
[96msrc/auth/auth.module.ts[0m:[93m7[0m:[93m29[0m - [91merror[0m[90m TS2307: [0mCannot find module './strategies/jwt.strategy' or its corresponding type declarations.

[7m7[0m import { JwtStrategy } from './strategies/jwt.strategy';
[7m [0m [91m                            ~~~~~~~~~~~~~~~~~~~~~~~~~~~[0m
[96msrc/auth/auth.module.ts[0m:[93m8[0m:[93m32[0m - [91merror[0m[90m TS2307: [0mCannot find module '../usuarios/usuarios.module' or its corresponding type declarations.

[7m8[0m import { UsuariosModule } from '../usuarios/usuarios.module';
[7m [0m [91m                               ~~~~~~~~~~~~~~~~~~~~~~~~~~~~~[0m
[96msrc/auth/auth.service.ts[0m:[93m9[0m:[93m33[0m - [91merror[0m[90m TS2307: [0mCannot find module '../usuarios/usuarios.service' or its corresponding type declarations.

[7m9[0m import { UsuariosService } from '../usuarios/usuarios.service';
[7m [0m [91m                                ~~~~~~~~~~~~~~~~~~~~~~~~~~~~~~[0m
[96msrc/auth/auth.service.ts[0m:[93m10[0m:[93m26[0m - [91merror[0m[90m TS2307: [0mCannot find module './dto/login.dto' or its corresponding type declarations.

[7m10[0m import { LoginDto } from './dto/login.dto';
[7m  [0m [91m                         ~~~~~~~~~~~~~~~~~[0m
[96msrc/auth/auth.service.ts[0m:[93m11[0m:[93m28[0m - [91merror[0m[90m TS2307: [0mCannot find module './strategies/jwt.strategy' or its corresponding type declarations.

[7m11[0m import { JwtPayload } from './strategies/jwt.strategy';
[7m  [0m [91m                           ~~~~~~~~~~~~~~~~~~~~~~~~~~~[0m
[96msrc/auth/decorators/roles.decorator.ts[0m:[93m2[0m:[93m26[0m - [91merror[0m[90m TS2307: [0mCannot find module '../../usuarios/entities/usuario.entity' or its corresponding type declarations.

[7m2[0m import { UserRole } from '../../usuarios/entities/usuario.entity';
[7m [0m [91m                         ~~~~~~~~~~~~~~~~~~~~~~~~~~~~~~~~~~~~~~~~[0m
[96msrc/auth/dto/register-user.dto.ts[0m:[93m9[0m:[93m31[0m - [91merror[0m[90m TS2307: [0mCannot find module '../../usuarios/entities/usuario.entity' or its corresponding type declarations.

[7m9[0m import type { UserRole } from '../../usuarios/entities/usuario.entity';
[7m [0m [91m                              ~~~~~~~~~~~~~~~~~~~~~~~~~~~~~~~~~~~~~~~~[0m
[96msrc/auth/guards/jwt-auth.guard.ts[0m:[93m4[0m:[93m31[0m - [91merror[0m[90m TS2307: [0mCannot find module '../decorators/public.decorator' or its corresponding type declarations.

[7m4[0m import { IS_PUBLIC_KEY } from '../decorators/public.decorator';
[7m [0m [91m                              ~~~~~~~~~~~~~~~~~~~~~~~~~~~~~~~~[0m
[96msrc/auth/guards/roles.guard.ts[0m:[93m8[0m:[93m27[0m - [91merror[0m[90m TS2307: [0mCannot find module '../decorators/roles.decorator' or its corresponding type declarations.

[7m8[0m import { ROLES_KEY } from '../decorators/roles.decorator';
[7m [0m [91m                          ~~~~~~~~~~~~~~~~~~~~~~~~~~~~~~~[0m
[96msrc/auth/guards/roles.guard.ts[0m:[93m9[0m:[93m26[0m - [91merror[0m[90m TS2307: [0mCannot find module '../../usuarios/entities/usuario.entity' or its corresponding type declarations.

[7m9[0m import { UserRole } from '../../usuarios/entities/usuario.entity';
[7m [0m [91m                         ~~~~~~~~~~~~~~~~~~~~~~~~~~~~~~~~~~~~~~~~[0m
[96msrc/catalogos/catalogos.controller.ts[0m:[93m11[0m:[93m34[0m - [91merror[0m[90m TS2307: [0mCannot find module './catalogos.service' or its corresponding type declarations.

[7m11[0m import { CatalogosService } from './catalogos.service';
[7m  [0m [91m                                 ~~~~~~~~~~~~~~~~~~~~~[0m
[96msrc/catalogos/catalogos.controller.ts[0m:[93m12[0m:[93m35[0m - [91merror[0m[90m TS2307: [0mCannot find module './dto/create-catalogo.dto' or its corresponding type declarations.

[7m12[0m import { CreateCatalogoDto } from './dto/create-catalogo.dto';
[7m  [0m [91m                                  ~~~~~~~~~~~~~~~~~~~~~~~~~~~[0m
[96msrc/catalogos/catalogos.controller.ts[0m:[93m13[0m:[93m35[0m - [91merror[0m[90m TS2307: [0mCannot find module './dto/update-catalogo.dto' or its corresponding type declarations.

[7m13[0m import { UpdateCatalogoDto } from './dto/update-catalogo.dto';
[7m  [0m [91m                                  ~~~~~~~~~~~~~~~~~~~~~~~~~~~[0m
[96msrc/catalogos/catalogos.module.ts[0m:[93m3[0m:[93m34[0m - [91merror[0m[90m TS2307: [0mCannot find module './catalogos.service' or its corresponding type declarations.

[7m3[0m import { CatalogosService } from './catalogos.service';
[7m [0m [91m                                 ~~~~~~~~~~~~~~~~~~~~~[0m
[96msrc/catalogos/catalogos.module.ts[0m:[93m4[0m:[93m37[0m - [91merror[0m[90m TS2307: [0mCannot find module './catalogos.controller' or its corresponding type declarations.

[7m4[0m import { CatalogosController } from './catalogos.controller';
[7m [0m [91m                                    ~~~~~~~~~~~~~~~~~~~~~~~~[0m
[96msrc/catalogos/catalogos.module.ts[0m:[93m5[0m:[93m26[0m - [91merror[0m[90m TS2307: [0mCannot find module './entities/catalogo.entity' or its corresponding type declarations.

[7m5[0m import { Catalogo } from './entities/catalogo.entity';
[7m [0m [91m                         ~~~~~~~~~~~~~~~~~~~~~~~~~~~~[0m
[96msrc/catalogos/catalogos.service.ts[0m:[93m4[0m:[93m26[0m - [91merror[0m[90m TS2307: [0mCannot find module './entities/catalogo.entity' or its corresponding type declarations.

[7m4[0m import { Catalogo } from './entities/catalogo.entity';
[7m [0m [91m                         ~~~~~~~~~~~~~~~~~~~~~~~~~~~~[0m
[96msrc/catalogos/catalogos.service.ts[0m:[93m5[0m:[93m35[0m - [91merror[0m[90m TS2307: [0mCannot find module './dto/create-catalogo.dto' or its corresponding type declarations.

[7m5[0m import { CreateCatalogoDto } from './dto/create-catalogo.dto';
[7m [0m [91m                                  ~~~~~~~~~~~~~~~~~~~~~~~~~~~[0m
[96msrc/catalogos/catalogos.service.ts[0m:[93m6[0m:[93m35[0m - [91merror[0m[90m TS2307: [0mCannot find module './dto/update-catalogo.dto' or its corresponding type declarations.

[7m6[0m import { UpdateCatalogoDto } from './dto/update-catalogo.dto';
[7m [0m [91m                                  ~~~~~~~~~~~~~~~~~~~~~~~~~~~[0m
[96msrc/catalogos/dto/update-catalogo.dto.ts[0m:[93m2[0m:[93m35[0m - [91merror[0m[90m TS2307: [0mCannot find module './create-catalogo.dto' or its corresponding type declarations.

[7m2[0m import { CreateCatalogoDto } from './create-catalogo.dto';
[7m [0m [91m                                  ~~~~~~~~~~~~~~~~~~~~~~~[0m
[96msrc/catalogos/entities/catalogo.entity.ts[0m:[93m9[0m:[93m22[0m - [91merror[0m[90m TS2307: [0mCannot find module '../../sedes/entities/sede.entity' or its corresponding type declarations.

[7m9[0m import { Sede } from '../../sedes/entities/sede.entity';
[7m [0m [91m                     ~~~~~~~~~~~~~~~~~~~~~~~~~~~~~~~~~~[0m
[96msrc/cotizaciones/cotizaciones.controller.ts[0m:[93m2[0m:[93m37[0m - [91merror[0m[90m TS2307: [0mCannot find module './cotizaciones.service' or its corresponding type declarations.

[7m2[0m import { CotizacionesService } from './cotizaciones.service';
[7m [0m [91m                                    ~~~~~~~~~~~~~~~~~~~~~~~~[0m
[96msrc/cotizaciones/cotizaciones.controller.ts[0m:[93m3[0m:[93m37[0m - [91merror[0m[90m TS2307: [0mCannot find module './dto/create-cotizacion.dto' or its corresponding type declarations.

[7m3[0m import { CreateCotizacionDto } from './dto/create-cotizacion.dto';
[7m [0m [91m                                    ~~~~~~~~~~~~~~~~~~~~~~~~~~~~~[0m
[96msrc/cotizaciones/cotizaciones.controller.ts[0m:[93m4[0m:[93m37[0m - [91merror[0m[90m TS2307: [0mCannot find module './dto/update-cotizacion.dto' or its corresponding type declarations.

[7m4[0m import { UpdateCotizacionDto } from './dto/update-cotizacion.dto';
[7m [0m [91m                                    ~~~~~~~~~~~~~~~~~~~~~~~~~~~~~[0m
[96msrc/cotizaciones/cotizaciones.module.ts[0m:[93m3[0m:[93m40[0m - [91merror[0m[90m TS2307: [0mCannot find module './cotizaciones.controller' or its corresponding type declarations.

[7m3[0m import { CotizacionesController } from './cotizaciones.controller';
[7m [0m [91m                                       ~~~~~~~~~~~~~~~~~~~~~~~~~~~[0m
[96msrc/cotizaciones/cotizaciones.module.ts[0m:[93m4[0m:[93m37[0m - [91merror[0m[90m TS2307: [0mCannot find module './cotizaciones.service' or its corresponding type declarations.

[7m4[0m import { CotizacionesService } from './cotizaciones.service';
[7m [0m [91m                                    ~~~~~~~~~~~~~~~~~~~~~~~~[0m
[96msrc/cotizaciones/cotizaciones.module.ts[0m:[93m5[0m:[93m28[0m - [91merror[0m[90m TS2307: [0mCannot find module './entities/cotizacion.entity' or its corresponding type declarations.

[7m5[0m import { Cotizacion } from './entities/cotizacion.entity';
[7m [0m [91m                           ~~~~~~~~~~~~~~~~~~~~~~~~~~~~~~[0m
[96msrc/cotizaciones/cotizaciones.service.ts[0m:[93m4[0m:[93m28[0m - [91merror[0m[90m TS2307: [0mCannot find module './entities/cotizacion.entity' or its corresponding type declarations.

[7m4[0m import { Cotizacion } from './entities/cotizacion.entity';
[7m [0m [91m                           ~~~~~~~~~~~~~~~~~~~~~~~~~~~~~~[0m
[96msrc/cotizaciones/cotizaciones.service.ts[0m:[93m5[0m:[93m37[0m - [91merror[0m[90m TS2307: [0mCannot find module './dto/create-cotizacion.dto' or its corresponding type declarations.

[7m5[0m import { CreateCotizacionDto } from './dto/create-cotizacion.dto';
[7m [0m [91m                                    ~~~~~~~~~~~~~~~~~~~~~~~~~~~~~[0m
[96msrc/cotizaciones/cotizaciones.service.ts[0m:[93m6[0m:[93m37[0m - [91merror[0m[90m TS2307: [0mCannot find module './dto/update-cotizacion.dto' or its corresponding type declarations.

[7m6[0m import { UpdateCotizacionDto } from './dto/update-cotizacion.dto';
[7m [0m [91m                                    ~~~~~~~~~~~~~~~~~~~~~~~~~~~~~[0m
[96msrc/cotizaciones/dto/update-cotizacion.dto.ts[0m:[93m2[0m:[93m37[0m - [91merror[0m[90m TS2307: [0mCannot find module './create-cotizacion.dto' or its corresponding type declarations.

[7m2[0m import { CreateCotizacionDto } from './create-cotizacion.dto';
[7m [0m [91m                                    ~~~~~~~~~~~~~~~~~~~~~~~~~[0m
[96msrc/database/seeds/admin.seed.ts[0m:[93m2[0m:[93m27[0m - [91merror[0m[90m TS2307: [0mCannot find module '../../app.module' or its corresponding type declarations.

[7m2[0m import { AppModule } from '../../app.module';
[7m [0m [91m                          ~~~~~~~~~~~~~~~~~~[0m
[96msrc/database/seeds/admin.seed.ts[0m:[93m3[0m:[93m33[0m - [91merror[0m[90m TS2307: [0mCannot find module '../../usuarios/usuarios.service' or its corresponding type declarations.

[7m3[0m import { UsuariosService } from '../../usuarios/usuarios.service';
[7m [0m [91m                                ~~~~~~~~~~~~~~~~~~~~~~~~~~~~~~~~~[0m
[96msrc/embeddings/embeddings.module.ts[0m:[93m2[0m:[93m35[0m - [91merror[0m[90m TS2307: [0mCannot find module './embeddings.service' or its corresponding type declarations.

[7m2[0m import { EmbeddingsService } from './embeddings.service';
[7m [0m [91m                                  ~~~~~~~~~~~~~~~~~~~~~~[0m
[96msrc/faqs/faqs.controller.ts[0m:[93m11[0m:[93m29[0m - [91merror[0m[90m TS2307: [0mCannot find module './faqs.service' or its corresponding type declarations.

[7m11[0m import { FaqsService } from './faqs.service';
[7m  [0m [91m                            ~~~~~~~~~~~~~~~~[0m
[96msrc/faqs/faqs.controller.ts[0m:[93m12[0m:[93m44[0m - [91merror[0m[90m TS2307: [0mCannot find module './dto/faqs.dto' or its corresponding type declarations.

[7m12[0m import { CreateFaqDto, UpdateFaqDto } from './dto/faqs.dto';
[7m  [0m [91m                                           ~~~~~~~~~~~~~~~~[0m
[96msrc/faqs/faqs.module.ts[0m:[93m3[0m:[93m29[0m - [91merror[0m[90m TS2307: [0mCannot find module './faqs.service' or its corresponding type declarations.

[7m3[0m import { FaqsService } from './faqs.service';
[7m [0m [91m                            ~~~~~~~~~~~~~~~~[0m
[96msrc/faqs/faqs.module.ts[0m:[93m4[0m:[93m32[0m - [91merror[0m[90m TS2307: [0mCannot find module './faqs.controller' or its corresponding type declarations.

[7m4[0m import { FaqsController } from './faqs.controller';
[7m [0m [91m                               ~~~~~~~~~~~~~~~~~~~[0m
[96msrc/faqs/faqs.module.ts[0m:[93m5[0m:[93m21[0m - [91merror[0m[90m TS2307: [0mCannot find module './entities/faq.entity' or its corresponding type declarations.

[7m5[0m import { Faq } from './entities/faq.entity';
[7m [0m [91m                    ~~~~~~~~~~~~~~~~~~~~~~~[0m
[96msrc/faqs/faqs.module.ts[0m:[93m6[0m:[93m27[0m - [91merror[0m[90m TS2307: [0mCannot find module '../tours/entities/n8n-vector.entity' or its corresponding type declarations.

[7m6[0m import { N8nVector } from '../tours/entities/n8n-vector.entity';
[7m [0m [91m                          ~~~~~~~~~~~~~~~~~~~~~~~~~~~~~~~~~~~~~[0m
[96msrc/faqs/faqs.module.ts[0m:[93m7[0m:[93m34[0m - [91merror[0m[90m TS2307: [0mCannot find module '../embeddings/embeddings.module' or its corresponding type declarations.

[7m7[0m import { EmbeddingsModule } from '../embeddings/embeddings.module';
[7m [0m [91m                                 ~~~~~~~~~~~~~~~~~~~~~~~~~~~~~~~~~[0m
[96msrc/faqs/faqs.service.ts[0m:[93m4[0m:[93m21[0m - [91merror[0m[90m TS2307: [0mCannot find module './entities/faq.entity' or its corresponding type declarations.

[7m4[0m import { Faq } from './entities/faq.entity';
[7m [0m [91m                    ~~~~~~~~~~~~~~~~~~~~~~~[0m
[96msrc/faqs/faqs.service.ts[0m:[93m5[0m:[93m44[0m - [91merror[0m[90m TS2307: [0mCannot find module './dto/faqs.dto' or its corresponding type declarations.

[7m5[0m import { CreateFaqDto, UpdateFaqDto } from './dto/faqs.dto';
[7m [0m [91m                                           ~~~~~~~~~~~~~~~~[0m
[96msrc/faqs/faqs.service.ts[0m:[93m6[0m:[93m27[0m - [91merror[0m[90m TS2307: [0mCannot find module '../tours/entities/n8n-vector.entity' or its corresponding type declarations.

[7m6[0m import { N8nVector } from '../tours/entities/n8n-vector.entity';
[7m [0m [91m                          ~~~~~~~~~~~~~~~~~~~~~~~~~~~~~~~~~~~~~[0m
[96msrc/faqs/faqs.service.ts[0m:[93m7[0m:[93m35[0m - [91merror[0m[90m TS2307: [0mCannot find module '../embeddings/embeddings.service' or its corresponding type declarations.

[7m7[0m import { EmbeddingsService } from '../embeddings/embeddings.service';
[7m [0m [91m                                  ~~~~~~~~~~~~~~~~~~~~~~~~~~~~~~~~~~[0m
[96msrc/info-empresa/info-empresa.controller.ts[0m:[93m12[0m:[93m36[0m - [91merror[0m[90m TS2307: [0mCannot find module './info-empresa.service' or its corresponding type declarations.

[7m12[0m import { InfoEmpresaService } from './info-empresa.service';
[7m  [0m [91m                                   ~~~~~~~~~~~~~~~~~~~~~~~~[0m
[96msrc/info-empresa/info-empresa.controller.ts[0m:[93m13[0m:[93m60[0m - [91merror[0m[90m TS2307: [0mCannot find module './dto/info-empresa.dto' or its corresponding type declarations.

[7m13[0m import { CreateInfoEmpresaDto, UpdateInfoEmpresaDto } from './dto/info-empresa.dto';
[7m  [0m [91m                                                           ~~~~~~~~~~~~~~~~~~~~~~~~[0m
[96msrc/info-empresa/info-empresa.module.ts[0m:[93m3[0m:[93m36[0m - [91merror[0m[90m TS2307: [0mCannot find module './info-empresa.service' or its corresponding type declarations.

[7m3[0m import { InfoEmpresaService } from './info-empresa.service';
[7m [0m [91m                                   ~~~~~~~~~~~~~~~~~~~~~~~~[0m
[96msrc/info-empresa/info-empresa.module.ts[0m:[93m4[0m:[93m39[0m - [91merror[0m[90m TS2307: [0mCannot find module './info-empresa.controller' or its corresponding type declarations.

[7m4[0m import { InfoEmpresaController } from './info-empresa.controller';
[7m [0m [91m                                      ~~~~~~~~~~~~~~~~~~~~~~~~~~~[0m
[96msrc/info-empresa/info-empresa.module.ts[0m:[93m5[0m:[93m29[0m - [91merror[0m[90m TS2307: [0mCannot find module './entities/info-empresa.entity' or its corresponding type declarations.

[7m5[0m import { InfoEmpresa } from './entities/info-empresa.entity';
[7m [0m [91m                            ~~~~~~~~~~~~~~~~~~~~~~~~~~~~~~~~[0m
[96msrc/info-empresa/info-empresa.module.ts[0m:[93m6[0m:[93m27[0m - [91merror[0m[90m TS2307: [0mCannot find module '../tours/entities/n8n-vector.entity' or its corresponding type declarations.

[7m6[0m import { N8nVector } from '../tours/entities/n8n-vector.entity';
[7m [0m [91m                          ~~~~~~~~~~~~~~~~~~~~~~~~~~~~~~~~~~~~~[0m
[96msrc/info-empresa/info-empresa.module.ts[0m:[93m7[0m:[93m34[0m - [91merror[0m[90m TS2307: [0mCannot find module '../embeddings/embeddings.module' or its corresponding type declarations.

[7m7[0m import { EmbeddingsModule } from '../embeddings/embeddings.module';
[7m [0m [91m                                 ~~~~~~~~~~~~~~~~~~~~~~~~~~~~~~~~~[0m
[96msrc/info-empresa/info-empresa.service.ts[0m:[93m4[0m:[93m29[0m - [91merror[0m[90m TS2307: [0mCannot find module './entities/info-empresa.entity' or its corresponding type declarations.

[7m4[0m import { InfoEmpresa } from './entities/info-empresa.entity';
[7m [0m [91m                            ~~~~~~~~~~~~~~~~~~~~~~~~~~~~~~~~[0m
[96msrc/info-empresa/info-empresa.service.ts[0m:[93m5[0m:[93m60[0m - [91merror[0m[90m TS2307: [0mCannot find module './dto/info-empresa.dto' or its corresponding type declarations.

[7m5[0m import { CreateInfoEmpresaDto, UpdateInfoEmpresaDto } from './dto/info-empresa.dto';
[7m [0m [91m                                                           ~~~~~~~~~~~~~~~~~~~~~~~~[0m
[96msrc/info-empresa/info-empresa.service.ts[0m:[93m6[0m:[93m27[0m - [91merror[0m[90m TS2307: [0mCannot find module '../tours/entities/n8n-vector.entity' or its corresponding type declarations.

[7m6[0m import { N8nVector } from '../tours/entities/n8n-vector.entity';
[7m [0m [91m                          ~~~~~~~~~~~~~~~~~~~~~~~~~~~~~~~~~~~~~[0m
[96msrc/info-empresa/info-empresa.service.ts[0m:[93m7[0m:[93m35[0m - [91merror[0m[90m TS2307: [0mCannot find module '../embeddings/embeddings.service' or its corresponding type declarations.

[7m7[0m import { EmbeddingsService } from '../embeddings/embeddings.service';
[7m [0m [91m                                  ~~~~~~~~~~~~~~~~~~~~~~~~~~~~~~~~~~[0m
[96msrc/main.ts[0m:[93m3[0m:[93m27[0m - [91merror[0m[90m TS2307: [0mCannot find module './app.module' or its corresponding type declarations.

[7m3[0m import { AppModule } from './app.module';
[7m [0m [91m                          ~~~~~~~~~~~~~~[0m
[96msrc/metodos-pago/dto/update-metodo-pago.dto.ts[0m:[93m2[0m:[93m37[0m - [91merror[0m[90m TS2307: [0mCannot find module './create-metodo-pago.dto' or its corresponding type declarations.

[7m2[0m import { CreateMetodoPagoDto } from './create-metodo-pago.dto';
[7m [0m [91m                                    ~~~~~~~~~~~~~~~~~~~~~~~~~~[0m
[96msrc/metodos-pago/metodos-pago.controller.ts[0m:[93m12[0m:[93m36[0m - [91merror[0m[90m TS2307: [0mCannot find module './metodos-pago.service' or its corresponding type declarations.

[7m12[0m import { MetodosPagoService } from './metodos-pago.service';
[7m  [0m [91m                                   ~~~~~~~~~~~~~~~~~~~~~~~~[0m
[96msrc/metodos-pago/metodos-pago.controller.ts[0m:[93m13[0m:[93m37[0m - [91merror[0m[90m TS2307: [0mCannot find module './dto/create-metodo-pago.dto' or its corresponding type declarations.

[7m13[0m import { CreateMetodoPagoDto } from './dto/create-metodo-pago.dto';
[7m  [0m [91m                                    ~~~~~~~~~~~~~~~~~~~~~~~~~~~~~~[0m
[96msrc/metodos-pago/metodos-pago.controller.ts[0m:[93m14[0m:[93m37[0m - [91merror[0m[90m TS2307: [0mCannot find module './dto/update-metodo-pago.dto' or its corresponding type declarations.

[7m14[0m import { UpdateMetodoPagoDto } from './dto/update-metodo-pago.dto';
[7m  [0m [91m                                    ~~~~~~~~~~~~~~~~~~~~~~~~~~~~~~[0m
[96msrc/metodos-pago/metodos-pago.module.ts[0m:[93m3[0m:[93m36[0m - [91merror[0m[90m TS2307: [0mCannot find module './metodos-pago.service' or its corresponding type declarations.

[7m3[0m import { MetodosPagoService } from './metodos-pago.service';
[7m [0m [91m                                   ~~~~~~~~~~~~~~~~~~~~~~~~[0m
[96msrc/metodos-pago/metodos-pago.module.ts[0m:[93m4[0m:[93m39[0m - [91merror[0m[90m TS2307: [0mCannot find module './metodos-pago.controller' or its corresponding type declarations.

[7m4[0m import { MetodosPagoController } from './metodos-pago.controller';
[7m [0m [91m                                      ~~~~~~~~~~~~~~~~~~~~~~~~~~~[0m
[96msrc/metodos-pago/metodos-pago.module.ts[0m:[93m5[0m:[93m28[0m - [91merror[0m[90m TS2307: [0mCannot find module './entities/metodo-pago.entity' or its corresponding type declarations.

[7m5[0m import { MetodoPago } from './entities/metodo-pago.entity';
[7m [0m [91m                           ~~~~~~~~~~~~~~~~~~~~~~~~~~~~~~~[0m
[96msrc/metodos-pago/metodos-pago.module.ts[0m:[93m6[0m:[93m34[0m - [91merror[0m[90m TS2307: [0mCannot find module '../embeddings/embeddings.module' or its corresponding type declarations.

[7m6[0m import { EmbeddingsModule } from '../embeddings/embeddings.module';
[7m [0m [91m                                 ~~~~~~~~~~~~~~~~~~~~~~~~~~~~~~~~~[0m
[96msrc/metodos-pago/metodos-pago.module.ts[0m:[93m7[0m:[93m27[0m - [91merror[0m[90m TS2307: [0mCannot find module '../tours/entities/n8n-vector.entity' or its corresponding type declarations.

[7m7[0m import { N8nVector } from '../tours/entities/n8n-vector.entity';
[7m [0m [91m                          ~~~~~~~~~~~~~~~~~~~~~~~~~~~~~~~~~~~~~[0m
[96msrc/metodos-pago/metodos-pago.service.ts[0m:[93m4[0m:[93m28[0m - [91merror[0m[90m TS2307: [0mCannot find module './entities/metodo-pago.entity' or its corresponding type declarations.

[7m4[0m import { MetodoPago } from './entities/metodo-pago.entity';
[7m [0m [91m                           ~~~~~~~~~~~~~~~~~~~~~~~~~~~~~~~[0m
[96msrc/metodos-pago/metodos-pago.service.ts[0m:[93m5[0m:[93m37[0m - [91merror[0m[90m TS2307: [0mCannot find module './dto/create-metodo-pago.dto' or its corresponding type declarations.

[7m5[0m import { CreateMetodoPagoDto } from './dto/create-metodo-pago.dto';
[7m [0m [91m                                    ~~~~~~~~~~~~~~~~~~~~~~~~~~~~~~[0m
[96msrc/metodos-pago/metodos-pago.service.ts[0m:[93m6[0m:[93m37[0m - [91merror[0m[90m TS2307: [0mCannot find module './dto/update-metodo-pago.dto' or its corresponding type declarations.

[7m6[0m import { UpdateMetodoPagoDto } from './dto/update-metodo-pago.dto';
[7m [0m [91m                                    ~~~~~~~~~~~~~~~~~~~~~~~~~~~~~~[0m
[96msrc/metodos-pago/metodos-pago.service.ts[0m:[93m7[0m:[93m27[0m - [91merror[0m[90m TS2307: [0mCannot find module '../tours/entities/n8n-vector.entity' or its corresponding type declarations.

[7m7[0m import { N8nVector } from '../tours/entities/n8n-vector.entity';
[7m [0m [91m                          ~~~~~~~~~~~~~~~~~~~~~~~~~~~~~~~~~~~~~[0m
[96msrc/metodos-pago/metodos-pago.service.ts[0m:[93m8[0m:[93m35[0m - [91merror[0m[90m TS2307: [0mCannot find module '../embeddings/embeddings.service' or its corresponding type declarations.

[7m8[0m import { EmbeddingsService } from '../embeddings/embeddings.service';
[7m [0m [91m                                  ~~~~~~~~~~~~~~~~~~~~~~~~~~~~~~~~~~[0m
[96msrc/pagos-realizados/dto/update-pago-realizado.dto.ts[0m:[93m2[0m:[93m40[0m - [91merror[0m[90m TS2307: [0mCannot find module './create-pago-realizado.dto' or its corresponding type declarations.

[7m2[0m import { CreatePagoRealizadoDto } from './create-pago-realizado.dto';
[7m [0m [91m                                       ~~~~~~~~~~~~~~~~~~~~~~~~~~~~~[0m
[96msrc/pagos-realizados/pagos-realizados.controller.ts[0m:[93m14[0m:[93m40[0m - [91merror[0m[90m TS2307: [0mCannot find module './pagos-realizados.service' or its corresponding type declarations.

[7m14[0m import { PagosRealizadosService } from './pagos-realizados.service';
[7m  [0m [91m                                       ~~~~~~~~~~~~~~~~~~~~~~~~~~~~[0m
[96msrc/pagos-realizados/pagos-realizados.controller.ts[0m:[93m15[0m:[93m40[0m - [91merror[0m[90m TS2307: [0mCannot find module './dto/create-pago-realizado.dto' or its corresponding type declarations.

[7m15[0m import { CreatePagoRealizadoDto } from './dto/create-pago-realizado.dto';
[7m  [0m [91m                                       ~~~~~~~~~~~~~~~~~~~~~~~~~~~~~~~~~[0m
[96msrc/pagos-realizados/pagos-realizados.controller.ts[0m:[93m16[0m:[93m40[0m - [91merror[0m[90m TS2307: [0mCannot find module './dto/update-pago-realizado.dto' or its corresponding type declarations.

[7m16[0m import { UpdatePagoRealizadoDto } from './dto/update-pago-realizado.dto';
[7m  [0m [91m                                       ~~~~~~~~~~~~~~~~~~~~~~~~~~~~~~~~~[0m
[96msrc/pagos-realizados/pagos-realizados.module.ts[0m:[93m3[0m:[93m40[0m - [91merror[0m[90m TS2307: [0mCannot find module './pagos-realizados.service' or its corresponding type declarations.

[7m3[0m import { PagosRealizadosService } from './pagos-realizados.service';
[7m [0m [91m                                       ~~~~~~~~~~~~~~~~~~~~~~~~~~~~[0m
[96msrc/pagos-realizados/pagos-realizados.module.ts[0m:[93m4[0m:[93m43[0m - [91merror[0m[90m TS2307: [0mCannot find module './pagos-realizados.controller' or its corresponding type declarations.

[7m4[0m import { PagosRealizadosController } from './pagos-realizados.controller';
[7m [0m [91m                                          ~~~~~~~~~~~~~~~~~~~~~~~~~~~~~~~[0m
[96msrc/pagos-realizados/pagos-realizados.module.ts[0m:[93m5[0m:[93m31[0m - [91merror[0m[90m TS2307: [0mCannot find module './entities/pago-realizado.entity' or its corresponding type declarations.

[7m5[0m import { PagoRealizado } from './entities/pago-realizado.entity';
[7m [0m [91m                              ~~~~~~~~~~~~~~~~~~~~~~~~~~~~~~~~~~[0m
[96msrc/pagos-realizados/pagos-realizados.module.ts[0m:[93m6[0m:[93m31[0m - [91merror[0m[90m TS2307: [0mCannot find module './entities/auditoria-pago.entity' or its corresponding type declarations.

[7m6[0m import { AuditoriaPago } from './entities/auditoria-pago.entity';
[7m [0m [91m                              ~~~~~~~~~~~~~~~~~~~~~~~~~~~~~~~~~~[0m
[96msrc/pagos-realizados/pagos-realizados.service.ts[0m:[93m8[0m:[93m31[0m - [91merror[0m[90m TS2307: [0mCannot find module './entities/pago-realizado.entity' or its corresponding type declarations.

[7m8[0m import { PagoRealizado } from './entities/pago-realizado.entity';
[7m [0m [91m                              ~~~~~~~~~~~~~~~~~~~~~~~~~~~~~~~~~~[0m
[96msrc/pagos-realizados/pagos-realizados.service.ts[0m:[93m9[0m:[93m31[0m - [91merror[0m[90m TS2307: [0mCannot find module './entities/auditoria-pago.entity' or its corresponding type declarations.

[7m9[0m import { AuditoriaPago } from './entities/auditoria-pago.entity';
[7m [0m [91m                              ~~~~~~~~~~~~~~~~~~~~~~~~~~~~~~~~~~[0m
[96msrc/pagos-realizados/pagos-realizados.service.ts[0m:[93m10[0m:[93m40[0m - [91merror[0m[90m TS2307: [0mCannot find module './dto/create-pago-realizado.dto' or its corresponding type declarations.

[7m10[0m import { CreatePagoRealizadoDto } from './dto/create-pago-realizado.dto';
[7m  [0m [91m                                       ~~~~~~~~~~~~~~~~~~~~~~~~~~~~~~~~~[0m
[96msrc/pagos-realizados/pagos-realizados.service.ts[0m:[93m11[0m:[93m40[0m - [91merror[0m[90m TS2307: [0mCannot find module './dto/update-pago-realizado.dto' or its corresponding type declarations.

[7m11[0m import { UpdatePagoRealizadoDto } from './dto/update-pago-realizado.dto';
[7m  [0m [91m                                       ~~~~~~~~~~~~~~~~~~~~~~~~~~~~~~~~~[0m
[96msrc/politicas-reserva/politicas-reserva.controller.ts[0m:[93m12[0m:[93m41[0m - [91merror[0m[90m TS2307: [0mCannot find module './politicas-reserva.service' or its corresponding type declarations.

[7m12[0m import { PoliticasReservaService } from './politicas-reserva.service';
[7m  [0m [91m                                        ~~~~~~~~~~~~~~~~~~~~~~~~~~~~~[0m
[96msrc/politicas-reserva/politicas-reserva.controller.ts[0m:[93m13[0m:[93m68[0m - [91merror[0m[90m TS2307: [0mCannot find module './dto/politicas-reserva.dto' or its corresponding type declarations.

[7m13[0m import { CreatePoliticaReservaDto, UpdatePoliticaReservaDto } from './dto/politicas-reserva.dto';
[7m  [0m [91m                                                                   ~~~~~~~~~~~~~~~~~~~~~~~~~~~~~[0m
[96msrc/politicas-reserva/politicas-reserva.module.ts[0m:[93m3[0m:[93m41[0m - [91merror[0m[90m TS2307: [0mCannot find module './politicas-reserva.service' or its corresponding type declarations.

[7m3[0m import { PoliticasReservaService } from './politicas-reserva.service';
[7m [0m [91m                                        ~~~~~~~~~~~~~~~~~~~~~~~~~~~~~[0m
[96msrc/politicas-reserva/politicas-reserva.module.ts[0m:[93m4[0m:[93m44[0m - [91merror[0m[90m TS2307: [0mCannot find module './politicas-reserva.controller' or its corresponding type declarations.

[7m4[0m import { PoliticasReservaController } from './politicas-reserva.controller';
[7m [0m [91m                                           ~~~~~~~~~~~~~~~~~~~~~~~~~~~~~~~~[0m
[96msrc/politicas-reserva/politicas-reserva.module.ts[0m:[93m5[0m:[93m33[0m - [91merror[0m[90m TS2307: [0mCannot find module './entities/politica-reserva.entity' or its corresponding type declarations.

[7m5[0m import { PoliticaReserva } from './entities/politica-reserva.entity';
[7m [0m [91m                                ~~~~~~~~~~~~~~~~~~~~~~~~~~~~~~~~~~~~[0m
[96msrc/politicas-reserva/politicas-reserva.module.ts[0m:[93m6[0m:[93m27[0m - [91merror[0m[90m TS2307: [0mCannot find module '../tours/entities/n8n-vector.entity' or its corresponding type declarations.

[7m6[0m import { N8nVector } from '../tours/entities/n8n-vector.entity';
[7m [0m [91m                          ~~~~~~~~~~~~~~~~~~~~~~~~~~~~~~~~~~~~~[0m
[96msrc/politicas-reserva/politicas-reserva.module.ts[0m:[93m7[0m:[93m34[0m - [91merror[0m[90m TS2307: [0mCannot find module '../embeddings/embeddings.module' or its corresponding type declarations.

[7m7[0m import { EmbeddingsModule } from '../embeddings/embeddings.module';
[7m [0m [91m                                 ~~~~~~~~~~~~~~~~~~~~~~~~~~~~~~~~~[0m
[96msrc/politicas-reserva/politicas-reserva.service.ts[0m:[93m4[0m:[93m33[0m - [91merror[0m[90m TS2307: [0mCannot find module './entities/politica-reserva.entity' or its corresponding type declarations.

[7m4[0m import { PoliticaReserva } from './entities/politica-reserva.entity';
[7m [0m [91m                                ~~~~~~~~~~~~~~~~~~~~~~~~~~~~~~~~~~~~[0m
[96msrc/politicas-reserva/politicas-reserva.service.ts[0m:[93m5[0m:[93m68[0m - [91merror[0m[90m TS2307: [0mCannot find module './dto/politicas-reserva.dto' or its corresponding type declarations.

[7m5[0m import { CreatePoliticaReservaDto, UpdatePoliticaReservaDto } from './dto/politicas-reserva.dto';
[7m [0m [91m                                                                   ~~~~~~~~~~~~~~~~~~~~~~~~~~~~~[0m
[96msrc/politicas-reserva/politicas-reserva.service.ts[0m:[93m6[0m:[93m27[0m - [91merror[0m[90m TS2307: [0mCannot find module '../tours/entities/n8n-vector.entity' or its corresponding type declarations.

[7m6[0m import { N8nVector } from '../tours/entities/n8n-vector.entity';
[7m [0m [91m                          ~~~~~~~~~~~~~~~~~~~~~~~~~~~~~~~~~~~~~[0m
[96msrc/politicas-reserva/politicas-reserva.service.ts[0m:[93m7[0m:[93m35[0m - [91merror[0m[90m TS2307: [0mCannot find module '../embeddings/embeddings.service' or its corresponding type declarations.

[7m7[0m import { EmbeddingsService } from '../embeddings/embeddings.service';
[7m [0m [91m                                  ~~~~~~~~~~~~~~~~~~~~~~~~~~~~~~~~~~[0m
[96msrc/reservas/entities/integrante.entity.ts[0m:[93m2[0m:[93m25[0m - [91merror[0m[90m TS2307: [0mCannot find module './reserva.entity' or its corresponding type declarations.

[7m2[0m import { Reserva } from './reserva.entity';
[7m [0m [91m                        ~~~~~~~~~~~~~~~~~~[0m
[96msrc/reservas/entities/integrante.entity.ts[0m:[93m18[0m:[93m42[0m - [91merror[0m[90m TS18046: [0m'reserva' is of type 'unknown'.

[7m18[0m   @ManyToOne(() => Reserva, (reserva) => reserva.integrantes, { onDelete: 'CASCADE' })
[7m  [0m [91m                                         ~~~~~~~[0m
[96msrc/reservas/entities/reserva.entity.ts[0m:[93m13[0m:[93m30[0m - [91merror[0m[90m TS2307: [0mCannot find module '../../tours/entities/tours-maestro.entity' or its corresponding type declarations.

[7m13[0m import { ToursMaestro } from '../../tours/entities/tours-maestro.entity';
[7m  [0m [91m                             ~~~~~~~~~~~~~~~~~~~~~~~~~~~~~~~~~~~~~~~~~~~[0m
[96msrc/reservas/entities/reserva.entity.ts[0m:[93m14[0m:[93m26[0m - [91merror[0m[90m TS2307: [0mCannot find module '../../servicios/entities/servicio.entity' or its corresponding type declarations.

[7m14[0m import { Servicio } from '../../servicios/entities/servicio.entity';
[7m  [0m [91m                         ~~~~~~~~~~~~~~~~~~~~~~~~~~~~~~~~~~~~~~~~~~[0m
[96msrc/reservas/entities/reserva.entity.ts[0m:[93m15[0m:[93m35[0m - [91merror[0m[90m TS2307: [0mCannot find module './integrante.entity' or its corresponding type declarations.

[7m15[0m import { IntegranteReserva } from './integrante.entity';
[7m  [0m [91m                                  ~~~~~~~~~~~~~~~~~~~~~[0m
[96msrc/reservas/entities/reserva.entity.ts[0m:[93m49[0m:[93m55[0m - [91merror[0m[90m TS18046: [0m'integrante' is of type 'unknown'.

[7m49[0m   @OneToMany(() => IntegranteReserva, (integrante) => integrante.reserva, {
[7m  [0m [91m                                                      ~~~~~~~~~~[0m
[96msrc/reservas/reservas.controller.ts[0m:[93m10[0m:[93m33[0m - [91merror[0m[90m TS2307: [0mCannot find module './reservas.service' or its corresponding type declarations.

[7m10[0m import { ReservasService } from './reservas.service';
[7m  [0m [91m                                ~~~~~~~~~~~~~~~~~~~~[0m
[96msrc/reservas/reservas.controller.ts[0m:[93m11[0m:[93m34[0m - [91merror[0m[90m TS2307: [0mCannot find module './dto/create-reserva.dto' or its corresponding type declarations.

[7m11[0m import { CreateReservaDto } from './dto/create-reserva.dto';
[7m  [0m [91m                                 ~~~~~~~~~~~~~~~~~~~~~~~~~~[0m
[96msrc/reservas/reservas.module.ts[0m:[93m3[0m:[93m33[0m - [91merror[0m[90m TS2307: [0mCannot find module './reservas.service' or its corresponding type declarations.

[7m3[0m import { ReservasService } from './reservas.service';
[7m [0m [91m                                ~~~~~~~~~~~~~~~~~~~~[0m
[96msrc/reservas/reservas.module.ts[0m:[93m4[0m:[93m36[0m - [91merror[0m[90m TS2307: [0mCannot find module './reservas.controller' or its corresponding type declarations.

[7m4[0m import { ReservasController } from './reservas.controller';
[7m [0m [91m                                   ~~~~~~~~~~~~~~~~~~~~~~~[0m
[96msrc/reservas/reservas.module.ts[0m:[93m5[0m:[93m25[0m - [91merror[0m[90m TS2307: [0mCannot find module './entities/reserva.entity' or its corresponding type declarations.

[7m5[0m import { Reserva } from './entities/reserva.entity';
[7m [0m [91m                        ~~~~~~~~~~~~~~~~~~~~~~~~~~~[0m
[96msrc/reservas/reservas.module.ts[0m:[93m6[0m:[93m35[0m - [91merror[0m[90m TS2307: [0mCannot find module './entities/integrante.entity' or its corresponding type declarations.

[7m6[0m import { IntegranteReserva } from './entities/integrante.entity';
[7m [0m [91m                                  ~~~~~~~~~~~~~~~~~~~~~~~~~~~~~~[0m
[96msrc/reservas/reservas.module.ts[0m:[93m7[0m:[93m30[0m - [91merror[0m[90m TS2307: [0mCannot find module '../tours/entities/tours-maestro.entity' or its corresponding type declarations.

[7m7[0m import { ToursMaestro } from '../tours/entities/tours-maestro.entity';
[7m [0m [91m                             ~~~~~~~~~~~~~~~~~~~~~~~~~~~~~~~~~~~~~~~~[0m
[96msrc/reservas/reservas.module.ts[0m:[93m8[0m:[93m26[0m - [91merror[0m[90m TS2307: [0mCannot find module '../servicios/entities/servicio.entity' or its corresponding type declarations.

[7m8[0m import { Servicio } from '../servicios/entities/servicio.entity';
[7m [0m [91m                         ~~~~~~~~~~~~~~~~~~~~~~~~~~~~~~~~~~~~~~~[0m
[96msrc/reservas/reservas.service.ts[0m:[93m4[0m:[93m25[0m - [91merror[0m[90m TS2307: [0mCannot find module './entities/reserva.entity' or its corresponding type declarations.

[7m4[0m import { Reserva } from './entities/reserva.entity';
[7m [0m [91m                        ~~~~~~~~~~~~~~~~~~~~~~~~~~~[0m
[96msrc/reservas/reservas.service.ts[0m:[93m5[0m:[93m26[0m - [91merror[0m[90m TS2307: [0mCannot find module '../servicios/entities/servicio.entity' or its corresponding type declarations.

[7m5[0m import { Servicio } from '../servicios/entities/servicio.entity';
[7m [0m [91m                         ~~~~~~~~~~~~~~~~~~~~~~~~~~~~~~~~~~~~~~~[0m
[96msrc/reservas/reservas.service.ts[0m:[93m6[0m:[93m35[0m - [91merror[0m[90m TS2307: [0mCannot find module './entities/integrante.entity' or its corresponding type declarations.

[7m6[0m import { IntegranteReserva } from './entities/integrante.entity';
[7m [0m [91m                                  ~~~~~~~~~~~~~~~~~~~~~~~~~~~~~~[0m
[96msrc/reservas/reservas.service.ts[0m:[93m7[0m:[93m30[0m - [91merror[0m[90m TS2307: [0mCannot find module '../tours/entities/tours-maestro.entity' or its corresponding type declarations.

[7m7[0m import { ToursMaestro } from '../tours/entities/tours-maestro.entity';
[7m [0m [91m                             ~~~~~~~~~~~~~~~~~~~~~~~~~~~~~~~~~~~~~~~~[0m
[96msrc/reservas/reservas.service.ts[0m:[93m8[0m:[93m34[0m - [91merror[0m[90m TS2307: [0mCannot find module './dto/create-reserva.dto' or its corresponding type declarations.

[7m8[0m import { CreateReservaDto } from './dto/create-reserva.dto';
[7m [0m [91m                                 ~~~~~~~~~~~~~~~~~~~~~~~~~~[0m
[96msrc/sedes/dto/update-sede.dto.ts[0m:[93m2[0m:[93m31[0m - [91merror[0m[90m TS2307: [0mCannot find module './create-sede.dto' or its corresponding type declarations.

[7m2[0m import { CreateSedeDto } from './create-sede.dto';
[7m [0m [91m                              ~~~~~~~~~~~~~~~~~~~[0m
[96msrc/sedes/sedes.controller.ts[0m:[93m12[0m:[93m30[0m - [91merror[0m[90m TS2307: [0mCannot find module './sedes.service' or its corresponding type declarations.

[7m12[0m import { SedesService } from './sedes.service';
[7m  [0m [91m                             ~~~~~~~~~~~~~~~~~[0m
[96msrc/sedes/sedes.controller.ts[0m:[93m13[0m:[93m31[0m - [91merror[0m[90m TS2307: [0mCannot find module './dto/create-sede.dto' or its corresponding type declarations.

[7m13[0m import { CreateSedeDto } from './dto/create-sede.dto';
[7m  [0m [91m                              ~~~~~~~~~~~~~~~~~~~~~~~[0m
[96msrc/sedes/sedes.controller.ts[0m:[93m14[0m:[93m31[0m - [91merror[0m[90m TS2307: [0mCannot find module './dto/update-sede.dto' or its corresponding type declarations.

[7m14[0m import { UpdateSedeDto } from './dto/update-sede.dto';
[7m  [0m [91m                              ~~~~~~~~~~~~~~~~~~~~~~~[0m
[96msrc/sedes/sedes.module.ts[0m:[93m3[0m:[93m22[0m - [91merror[0m[90m TS2307: [0mCannot find module './entities/sede.entity' or its corresponding type declarations.

[7m3[0m import { Sede } from './entities/sede.entity';
[7m [0m [91m                     ~~~~~~~~~~~~~~~~~~~~~~~~[0m
[96msrc/sedes/sedes.module.ts[0m:[93m4[0m:[93m30[0m - [91merror[0m[90m TS2307: [0mCannot find module './sedes.service' or its corresponding type declarations.

[7m4[0m import { SedesService } from './sedes.service';
[7m [0m [91m                             ~~~~~~~~~~~~~~~~~[0m
[96msrc/sedes/sedes.module.ts[0m:[93m5[0m:[93m33[0m - [91merror[0m[90m TS2307: [0mCannot find module './sedes.controller' or its corresponding type declarations.

[7m5[0m import { SedesController } from './sedes.controller';
[7m [0m [91m                                ~~~~~~~~~~~~~~~~~~~~[0m
[96msrc/sedes/sedes.module.ts[0m:[93m6[0m:[93m34[0m - [91merror[0m[90m TS2307: [0mCannot find module '../embeddings/embeddings.module' or its corresponding type declarations.

[7m6[0m import { EmbeddingsModule } from '../embeddings/embeddings.module';
[7m [0m [91m                                 ~~~~~~~~~~~~~~~~~~~~~~~~~~~~~~~~~[0m
[96msrc/sedes/sedes.module.ts[0m:[93m7[0m:[93m27[0m - [91merror[0m[90m TS2307: [0mCannot find module '../tours/entities/n8n-vector.entity' or its corresponding type declarations.

[7m7[0m import { N8nVector } from '../tours/entities/n8n-vector.entity';
[7m [0m [91m                          ~~~~~~~~~~~~~~~~~~~~~~~~~~~~~~~~~~~~~[0m
[96msrc/sedes/sedes.service.ts[0m:[93m4[0m:[93m22[0m - [91merror[0m[90m TS2307: [0mCannot find module './entities/sede.entity' or its corresponding type declarations.

[7m4[0m import { Sede } from './entities/sede.entity';
[7m [0m [91m                     ~~~~~~~~~~~~~~~~~~~~~~~~[0m
[96msrc/sedes/sedes.service.ts[0m:[93m5[0m:[93m27[0m - [91merror[0m[90m TS2307: [0mCannot find module '../tours/entities/n8n-vector.entity' or its corresponding type declarations.

[7m5[0m import { N8nVector } from '../tours/entities/n8n-vector.entity';
[7m [0m [91m                          ~~~~~~~~~~~~~~~~~~~~~~~~~~~~~~~~~~~~~[0m
[96msrc/sedes/sedes.service.ts[0m:[93m6[0m:[93m35[0m - [91merror[0m[90m TS2307: [0mCannot find module '../embeddings/embeddings.service' or its corresponding type declarations.

[7m6[0m import { EmbeddingsService } from '../embeddings/embeddings.service';
[7m [0m [91m                                  ~~~~~~~~~~~~~~~~~~~~~~~~~~~~~~~~~~[0m
[96msrc/sedes/sedes.service.ts[0m:[93m8[0m:[93m31[0m - [91merror[0m[90m TS2307: [0mCannot find module './dto/create-sede.dto' or its corresponding type declarations.

[7m8[0m import { CreateSedeDto } from './dto/create-sede.dto';
[7m [0m [91m                              ~~~~~~~~~~~~~~~~~~~~~~~[0m
[96msrc/sedes/sedes.service.ts[0m:[93m9[0m:[93m31[0m - [91merror[0m[90m TS2307: [0mCannot find module './dto/update-sede.dto' or its corresponding type declarations.

[7m9[0m import { UpdateSedeDto } from './dto/update-sede.dto';
[7m [0m [91m                              ~~~~~~~~~~~~~~~~~~~~~~~[0m
[96msrc/servicios/servicios.controller.ts[0m:[93m11[0m:[93m34[0m - [91merror[0m[90m TS2307: [0mCannot find module './servicios.service' or its corresponding type declarations.

[7m11[0m import { ServiciosService } from './servicios.service';
[7m  [0m [91m                                 ~~~~~~~~~~~~~~~~~~~~~[0m
[96msrc/servicios/servicios.controller.ts[0m:[93m12[0m:[93m54[0m - [91merror[0m[90m TS2307: [0mCannot find module './dto/servicios.dto' or its corresponding type declarations.

[7m12[0m import { CreateServicioDto, UpdateServicioDto } from './dto/servicios.dto';
[7m  [0m [91m                                                     ~~~~~~~~~~~~~~~~~~~~~[0m
[96msrc/servicios/servicios.module.ts[0m:[93m3[0m:[93m34[0m - [91merror[0m[90m TS2307: [0mCannot find module './servicios.service' or its corresponding type declarations.

[7m3[0m import { ServiciosService } from './servicios.service';
[7m [0m [91m                                 ~~~~~~~~~~~~~~~~~~~~~[0m
[96msrc/servicios/servicios.module.ts[0m:[93m4[0m:[93m37[0m - [91merror[0m[90m TS2307: [0mCannot find module './servicios.controller' or its corresponding type declarations.

[7m4[0m import { ServiciosController } from './servicios.controller';
[7m [0m [91m                                    ~~~~~~~~~~~~~~~~~~~~~~~~[0m
[96msrc/servicios/servicios.module.ts[0m:[93m5[0m:[93m26[0m - [91merror[0m[90m TS2307: [0mCannot find module './entities/servicio.entity' or its corresponding type declarations.

[7m5[0m import { Servicio } from './entities/servicio.entity';
[7m [0m [91m                         ~~~~~~~~~~~~~~~~~~~~~~~~~~~~[0m
[96msrc/servicios/servicios.module.ts[0m:[93m6[0m:[93m27[0m - [91merror[0m[90m TS2307: [0mCannot find module '../tours/entities/n8n-vector.entity' or its corresponding type declarations.

[7m6[0m import { N8nVector } from '../tours/entities/n8n-vector.entity';
[7m [0m [91m                          ~~~~~~~~~~~~~~~~~~~~~~~~~~~~~~~~~~~~~[0m
[96msrc/servicios/servicios.module.ts[0m:[93m7[0m:[93m34[0m - [91merror[0m[90m TS2307: [0mCannot find module '../embeddings/embeddings.module' or its corresponding type declarations.

[7m7[0m import { EmbeddingsModule } from '../embeddings/embeddings.module';
[7m [0m [91m                                 ~~~~~~~~~~~~~~~~~~~~~~~~~~~~~~~~~[0m
[96msrc/servicios/servicios.service.ts[0m:[93m4[0m:[93m26[0m - [91merror[0m[90m TS2307: [0mCannot find module './entities/servicio.entity' or its corresponding type declarations.

[7m4[0m import { Servicio } from './entities/servicio.entity';
[7m [0m [91m                         ~~~~~~~~~~~~~~~~~~~~~~~~~~~~[0m
[96msrc/servicios/servicios.service.ts[0m:[93m5[0m:[93m54[0m - [91merror[0m[90m TS2307: [0mCannot find module './dto/servicios.dto' or its corresponding type declarations.

[7m5[0m import { CreateServicioDto, UpdateServicioDto } from './dto/servicios.dto';
[7m [0m [91m                                                     ~~~~~~~~~~~~~~~~~~~~~[0m
[96msrc/servicios/servicios.service.ts[0m:[93m6[0m:[93m27[0m - [91merror[0m[90m TS2307: [0mCannot find module '../tours/entities/n8n-vector.entity' or its corresponding type declarations.

[7m6[0m import { N8nVector } from '../tours/entities/n8n-vector.entity';
[7m [0m [91m                          ~~~~~~~~~~~~~~~~~~~~~~~~~~~~~~~~~~~~~[0m
[96msrc/servicios/servicios.service.ts[0m:[93m7[0m:[93m35[0m - [91merror[0m[90m TS2307: [0mCannot find module '../embeddings/embeddings.service' or its corresponding type declarations.

[7m7[0m import { EmbeddingsService } from '../embeddings/embeddings.service';
[7m [0m [91m                                  ~~~~~~~~~~~~~~~~~~~~~~~~~~~~~~~~~~[0m
[96msrc/tours/entities/tours-maestro.entity.ts[0m:[93m9[0m:[93m22[0m - [91merror[0m[90m TS2307: [0mCannot find module '../../sedes/entities/sede.entity' or its corresponding type declarations.

[7m9[0m import { Sede } from '../../sedes/entities/sede.entity';
[7m [0m [91m                     ~~~~~~~~~~~~~~~~~~~~~~~~~~~~~~~~~~[0m
[96msrc/tours/tours.controller.ts[0m:[93m14[0m:[93m30[0m - [91merror[0m[90m TS2307: [0mCannot find module './tours.service' or its corresponding type declarations.

[7m14[0m import { ToursService } from './tours.service';
[7m  [0m [91m                             ~~~~~~~~~~~~~~~~~[0m
[96msrc/tours/tours.controller.ts[0m:[93m15[0m:[93m31[0m - [91merror[0m[90m TS2307: [0mCannot find module './dto/create-tour.dto' or its corresponding type declarations.

[7m15[0m import { CreateTourDto } from './dto/create-tour.dto';
[7m  [0m [91m                              ~~~~~~~~~~~~~~~~~~~~~~~[0m
[96msrc/tours/tours.controller.ts[0m:[93m16[0m:[93m31[0m - [91merror[0m[90m TS2307: [0mCannot find module './dto/update-tour.dto' or its corresponding type declarations.

[7m16[0m import { UpdateTourDto } from './dto/update-tour.dto';
[7m  [0m [91m                              ~~~~~~~~~~~~~~~~~~~~~~~[0m
[96msrc/tours/tours.controller.ts[0m:[93m17[0m:[93m32[0m - [91merror[0m[90m TS2307: [0mCannot find module './dto/search-tours.dto' or its corresponding type declarations.

[7m17[0m import { SearchToursDto } from './dto/search-tours.dto';
[7m  [0m [91m                               ~~~~~~~~~~~~~~~~~~~~~~~~[0m
[96msrc/tours/tours.module.ts[0m:[93m3[0m:[93m30[0m - [91merror[0m[90m TS2307: [0mCannot find module './entities/tours-maestro.entity' or its corresponding type declarations.

[7m3[0m import { ToursMaestro } from './entities/tours-maestro.entity';
[7m [0m [91m                             ~~~~~~~~~~~~~~~~~~~~~~~~~~~~~~~~~[0m
[96msrc/tours/tours.module.ts[0m:[93m4[0m:[93m27[0m - [91merror[0m[90m TS2307: [0mCannot find module './entities/n8n-vector.entity' or its corresponding type declarations.

[7m4[0m import { N8nVector } from './entities/n8n-vector.entity';
[7m [0m [91m                          ~~~~~~~~~~~~~~~~~~~~~~~~~~~~~~[0m
[96msrc/tours/tours.module.ts[0m:[93m5[0m:[93m30[0m - [91merror[0m[90m TS2307: [0mCannot find module './tours.service' or its corresponding type declarations.

[7m5[0m import { ToursService } from './tours.service';
[7m [0m [91m                             ~~~~~~~~~~~~~~~~~[0m
[96msrc/tours/tours.module.ts[0m:[93m6[0m:[93m33[0m - [91merror[0m[90m TS2307: [0mCannot find module './tours.controller' or its corresponding type declarations.

[7m6[0m import { ToursController } from './tours.controller';
[7m [0m [91m                                ~~~~~~~~~~~~~~~~~~~~[0m
[96msrc/tours/tours.module.ts[0m:[93m7[0m:[93m34[0m - [91merror[0m[90m TS2307: [0mCannot find module '../embeddings/embeddings.module' or its corresponding type declarations.

[7m7[0m import { EmbeddingsModule } from '../embeddings/embeddings.module';
[7m [0m [91m                                 ~~~~~~~~~~~~~~~~~~~~~~~~~~~~~~~~~[0m
[96msrc/tours/tours.service.ts[0m:[93m5[0m:[93m30[0m - [91merror[0m[90m TS2307: [0mCannot find module './entities/tours-maestro.entity' or its corresponding type declarations.

[7m5[0m import { ToursMaestro } from './entities/tours-maestro.entity';
[7m [0m [91m                             ~~~~~~~~~~~~~~~~~~~~~~~~~~~~~~~~~[0m
[96msrc/tours/tours.service.ts[0m:[93m6[0m:[93m27[0m - [91merror[0m[90m TS2307: [0mCannot find module './entities/n8n-vector.entity' or its corresponding type declarations.

[7m6[0m import { N8nVector } from './entities/n8n-vector.entity';
[7m [0m [91m                          ~~~~~~~~~~~~~~~~~~~~~~~~~~~~~~[0m
[96msrc/tours/tours.service.ts[0m:[93m7[0m:[93m35[0m - [91merror[0m[90m TS2307: [0mCannot find module '../embeddings/embeddings.service' or its corresponding type declarations.

[7m7[0m import { EmbeddingsService } from '../embeddings/embeddings.service';
[7m [0m [91m                                  ~~~~~~~~~~~~~~~~~~~~~~~~~~~~~~~~~~[0m
[96msrc/tours/tours.service.ts[0m:[93m8[0m:[93m31[0m - [91merror[0m[90m TS2307: [0mCannot find module './dto/create-tour.dto' or its corresponding type declarations.

[7m8[0m import { CreateTourDto } from './dto/create-tour.dto';
[7m [0m [91m                              ~~~~~~~~~~~~~~~~~~~~~~~[0m
[96msrc/tours/tours.service.ts[0m:[93m9[0m:[93m31[0m - [91merror[0m[90m TS2307: [0mCannot find module './dto/update-tour.dto' or its corresponding type declarations.

[7m9[0m import { UpdateTourDto } from './dto/update-tour.dto';
[7m [0m [91m                              ~~~~~~~~~~~~~~~~~~~~~~~[0m
[96msrc/usuarios/agentes.controller.ts[0m:[93m2[0m:[93m33[0m - [91merror[0m[90m TS2307: [0mCannot find module './usuarios.service' or its corresponding type declarations.

[7m2[0m import { UsuariosService } from './usuarios.service';
[7m [0m [91m                                ~~~~~~~~~~~~~~~~~~~~[0m
[96msrc/usuarios/agentes.controller.ts[0m:[93m3[0m:[93m34[0m - [91merror[0m[90m TS2307: [0mCannot find module './dto/create-usuario.dto' or its corresponding type declarations.

[7m3[0m import { CreateUsuarioDto } from './dto/create-usuario.dto';
[7m [0m [91m                                 ~~~~~~~~~~~~~~~~~~~~~~~~~~[0m
[96msrc/usuarios/agentes.controller.ts[0m:[93m4[0m:[93m34[0m - [91merror[0m[90m TS2307: [0mCannot find module './dto/update-usuario.dto' or its corresponding type declarations.

[7m4[0m import { UpdateUsuarioDto } from './dto/update-usuario.dto';
[7m [0m [91m                                 ~~~~~~~~~~~~~~~~~~~~~~~~~~[0m
[96msrc/usuarios/agentes.controller.ts[0m:[93m5[0m:[93m23[0m - [91merror[0m[90m TS2307: [0mCannot find module '../auth/decorators/roles.decorator' or its corresponding type declarations.

[7m5[0m import { Roles } from '../auth/decorators/roles.decorator';
[7m [0m [91m                      ~~~~~~~~~~~~~~~~~~~~~~~~~~~~~~~~~~~~[0m
[96msrc/usuarios/dto/create-usuario.dto.ts[0m:[93m10[0m:[93m31[0m - [91merror[0m[90m TS2307: [0mCannot find module '../entities/usuario.entity' or its corresponding type declarations.

[7m10[0m import type { UserRole } from '../entities/usuario.entity';
[7m  [0m [91m                              ~~~~~~~~~~~~~~~~~~~~~~~~~~~~[0m
[96msrc/usuarios/dto/update-usuario.dto.ts[0m:[93m2[0m:[93m34[0m - [91merror[0m[90m TS2307: [0mCannot find module './create-usuario.dto' or its corresponding type declarations.

[7m2[0m import { CreateUsuarioDto } from './create-usuario.dto';
[7m [0m [91m                                 ~~~~~~~~~~~~~~~~~~~~~~[0m
[96msrc/usuarios/dto/update-usuario.dto.ts[0m:[93m5[0m:[93m31[0m - [91merror[0m[90m TS2322: [0mType '"password"' is not assignable to type 'never'.

[7m5[0m   OmitType(CreateUsuarioDto, ['password'] as const),
[7m [0m [91m                              ~~~~~~~~~~[0m
[96msrc/usuarios/entities/usuario.entity.ts[0m:[93m9[0m:[93m21[0m - [91merror[0m[90m TS2307: [0mCannot find module './rol.entity' or its corresponding type declarations.

[7m9[0m import { Rol } from './rol.entity';
[7m [0m [91m                    ~~~~~~~~~~~~~~[0m
[96msrc/usuarios/roles.controller.ts[0m:[93m4[0m:[93m21[0m - [91merror[0m[90m TS2307: [0mCannot find module './entities/rol.entity' or its corresponding type declarations.

[7m4[0m import { Rol } from './entities/rol.entity';
[7m [0m [91m                    ~~~~~~~~~~~~~~~~~~~~~~~[0m
[96msrc/usuarios/roles.controller.ts[0m:[93m5[0m:[93m23[0m - [91merror[0m[90m TS2307: [0mCannot find module '../auth/decorators/roles.decorator' or its corresponding type declarations.

[7m5[0m import { Roles } from '../auth/decorators/roles.decorator';
[7m [0m [91m                      ~~~~~~~~~~~~~~~~~~~~~~~~~~~~~~~~~~~~[0m
[96msrc/usuarios/usuarios.controller.ts[0m:[93m12[0m:[93m33[0m - [91merror[0m[90m TS2307: [0mCannot find module './usuarios.service' or its corresponding type declarations.

[7m12[0m import { UsuariosService } from './usuarios.service';
[7m  [0m [91m                                ~~~~~~~~~~~~~~~~~~~~[0m
[96msrc/usuarios/usuarios.controller.ts[0m:[93m13[0m:[93m34[0m - [91merror[0m[90m TS2307: [0mCannot find module './dto/create-usuario.dto' or its corresponding type declarations.

[7m13[0m import { CreateUsuarioDto } from './dto/create-usuario.dto';
[7m  [0m [91m                                 ~~~~~~~~~~~~~~~~~~~~~~~~~~[0m
[96msrc/usuarios/usuarios.controller.ts[0m:[93m14[0m:[93m34[0m - [91merror[0m[90m TS2307: [0mCannot find module './dto/update-usuario.dto' or its corresponding type declarations.

[7m14[0m import { UpdateUsuarioDto } from './dto/update-usuario.dto';
[7m  [0m [91m                                 ~~~~~~~~~~~~~~~~~~~~~~~~~~[0m
[96msrc/usuarios/usuarios.controller.ts[0m:[93m15[0m:[93m23[0m - [91merror[0m[90m TS2307: [0mCannot find module '../auth/decorators/roles.decorator' or its corresponding type declarations.

[7m15[0m import { Roles } from '../auth/decorators/roles.decorator';
[7m  [0m [91m                      ~~~~~~~~~~~~~~~~~~~~~~~~~~~~~~~~~~~~[0m
[96msrc/usuarios/usuarios.controller.ts[0m:[93m16[0m:[93m26[0m - [91merror[0m[90m TS2307: [0mCannot find module './entities/usuario.entity' or its corresponding type declarations.

[7m16[0m import { UserRole } from './entities/usuario.entity';
[7m  [0m [91m                         ~~~~~~~~~~~~~~~~~~~~~~~~~~~[0m
[96msrc/usuarios/usuarios.module.ts[0m:[93m3[0m:[93m33[0m - [91merror[0m[90m TS2307: [0mCannot find module './usuarios.service' or its corresponding type declarations.

[7m3[0m import { UsuariosService } from './usuarios.service';
[7m [0m [91m                                ~~~~~~~~~~~~~~~~~~~~[0m
[96msrc/usuarios/usuarios.module.ts[0m:[93m4[0m:[93m36[0m - [91merror[0m[90m TS2307: [0mCannot find module './usuarios.controller' or its corresponding type declarations.

[7m4[0m import { UsuariosController } from './usuarios.controller';
[7m [0m [91m                                   ~~~~~~~~~~~~~~~~~~~~~~~[0m
[96msrc/usuarios/usuarios.module.ts[0m:[93m5[0m:[93m33[0m - [91merror[0m[90m TS2307: [0mCannot find module './roles.controller' or its corresponding type declarations.

[7m5[0m import { RolesController } from './roles.controller';
[7m [0m [91m                                ~~~~~~~~~~~~~~~~~~~~[0m
[96msrc/usuarios/usuarios.module.ts[0m:[93m6[0m:[93m35[0m - [91merror[0m[90m TS2307: [0mCannot find module './agentes.controller' or its corresponding type declarations.

[7m6[0m import { AgentesController } from './agentes.controller';
[7m [0m [91m                                  ~~~~~~~~~~~~~~~~~~~~~~[0m
[96msrc/usuarios/usuarios.module.ts[0m:[93m7[0m:[93m25[0m - [91merror[0m[90m TS2307: [0mCannot find module './entities/usuario.entity' or its corresponding type declarations.

[7m7[0m import { Usuario } from './entities/usuario.entity';
[7m [0m [91m                        ~~~~~~~~~~~~~~~~~~~~~~~~~~~[0m
[96msrc/usuarios/usuarios.module.ts[0m:[93m8[0m:[93m21[0m - [91merror[0m[90m TS2307: [0mCannot find module './entities/rol.entity' or its corresponding type declarations.

[7m8[0m import { Rol } from './entities/rol.entity';
[7m [0m [91m                    ~~~~~~~~~~~~~~~~~~~~~~~[0m
[96msrc/usuarios/usuarios.service.ts[0m:[93m11[0m:[93m35[0m - [91merror[0m[90m TS2307: [0mCannot find module './entities/usuario.entity' or its corresponding type declarations.

[7m11[0m import { Usuario, UserRole } from './entities/usuario.entity';
[7m  [0m [91m                                  ~~~~~~~~~~~~~~~~~~~~~~~~~~~[0m
[96msrc/usuarios/usuarios.service.ts[0m:[93m12[0m:[93m21[0m - [91merror[0m[90m TS2307: [0mCannot find module './entities/rol.entity' or its corresponding type declarations.

[7m12[0m import { Rol } from './entities/rol.entity';
[7m  [0m [91m                    ~~~~~~~~~~~~~~~~~~~~~~~[0m
[96msrc/usuarios/usuarios.service.ts[0m:[93m13[0m:[93m34[0m - [91merror[0m[90m TS2307: [0mCannot find module './dto/create-usuario.dto' or its corresponding type declarations.

[7m13[0m import { CreateUsuarioDto } from './dto/create-usuario.dto';
[7m  [0m [91m                                 ~~~~~~~~~~~~~~~~~~~~~~~~~~[0m
[96msrc/usuarios/usuarios.service.ts[0m:[93m14[0m:[93m34[0m - [91merror[0m[90m TS2307: [0mCannot find module './dto/update-usuario.dto' or its corresponding type declarations.

[7m14[0m import { UpdateUsuarioDto } from './dto/update-usuario.dto';
[7m  [0m [91m                                 ~~~~~~~~~~~~~~~~~~~~~~~~~~[0m
[96msrc/whatsapp/whatsapp.controller.ts[0m:[93m2[0m:[93m33[0m - [91merror[0m[90m TS2307: [0mCannot find module './whatsapp.service' or its corresponding type declarations.

[7m2[0m import { WhatsAppService } from './whatsapp.service';
[7m [0m [91m                                ~~~~~~~~~~~~~~~~~~~~[0m
[96msrc/whatsapp/whatsapp.controller.ts[0m:[93m3[0m:[93m32[0m - [91merror[0m[90m TS2307: [0mCannot find module './dto/send-message.dto' or its corresponding type declarations.

[7m3[0m import { SendMessageDto } from './dto/send-message.dto';
[7m [0m [91m                               ~~~~~~~~~~~~~~~~~~~~~~~~[0m
[96msrc/whatsapp/whatsapp.module.ts[0m:[93m3[0m:[93m33[0m - [91merror[0m[90m TS2307: [0mCannot find module './whatsapp.service' or its corresponding type declarations.

[7m3[0m import { WhatsAppService } from './whatsapp.service';
[7m [0m [91m                                ~~~~~~~~~~~~~~~~~~~~[0m
[96msrc/whatsapp/whatsapp.module.ts[0m:[93m4[0m:[93m36[0m - [91merror[0m[90m TS2307: [0mCannot find module './whatsapp.controller' or its corresponding type declarations.

[7m4[0m import { WhatsAppController } from './whatsapp.controller';
[7m [0m [91m                                   ~~~~~~~~~~~~~~~~~~~~~~~[0m
[96mtmp/create-reservas.ts[0m:[93m2[0m:[93m27[0m - [91merror[0m[90m TS2307: [0mCannot find module '../src/app.module' or its corresponding type declarations.

[7m2[0m import { AppModule } from '../src/app.module';
[7m [0m [91m                          ~~~~~~~~~~~~~~~~~~~[0m
[96mtmp/create-reservas.ts[0m:[93m3[0m:[93m33[0m - [91merror[0m[90m TS2307: [0mCannot find module '../src/reservas/reservas.service' or its corresponding type declarations.

[7m3[0m import { ReservasService } from '../src/reservas/reservas.service';
[7m [0m [91m                                ~~~~~~~~~~~~~~~~~~~~~~~~~~~~~~~~~~[0m
[96mtmp/create-reservas.ts[0m:[93m6[0m:[93m30[0m - [91merror[0m[90m TS2307: [0mCannot find module '../src/tours/entities/tours-maestro.entity' or its corresponding type declarations.

[7m6[0m import { ToursMaestro } from '../src/tours/entities/tours-maestro.entity';
[7m [0m [91m                             ~~~~~~~~~~~~~~~~~~~~~~~~~~~~~~~~~~~~~~~~~~~~[0m
[96mtmp/create-reservas.ts[0m:[93m7[0m:[93m26[0m - [91merror[0m[90m TS2307: [0mCannot find module '../src/servicios/entities/servicio.entity' or its corresponding type declarations.

[7m7[0m import { Servicio } from '../src/servicios/entities/servicio.entity';
[7m [0m [91m                         ~~~~~~~~~~~~~~~~~~~~~~~~~~~~~~~~~~~~~~~~~~~[0m

Found 214 error(s).

